
Running 5 tests using 1 worker

  x  1 [chromium] › generated-code\task-1781159701864\test.spec.js:13:5 › Todo Application › should display the application title (2.8s)
  x  2 [chromium] › generated-code\task-1781159701864\test.spec.js:18:5 › Todo Application › should allow adding a new todo item and clear the input (2.8s)
  x  3 [chromium] › generated-code\task-1781159701864\test.spec.js:32:5 › Todo Application › should allow adding multiple todo items and clear input each time (2.7s)
  x  4 [chromium] › generated-code\task-1781159701864\test.spec.js:55:5 › Todo Application › should not add an empty todo item and show an alert (2.7s)
  x  5 [chromium] › generated-code\task-1781159701864\test.spec.js:81:5 › Todo Application › should allow deleting a todo item (2.8s)


  1) [chromium] › generated-code\task-1781159701864\test.spec.js:13:5 › Todo Application › should display the application title 

    Error: page.goto: net::ERR_CONNECTION_REFUSED at http://localhost:3000/
    Call log:
    [2m  - navigating to "http://localhost:3000/", waiting until "load"[22m


       8 |     test.beforeEach(async ({ page }) => {
       9 |         // Navigate to the root URL (which will serve index.html)
    > 10 |         await page.goto('/'); 
         |                    ^
      11 |     });
      12 |
      13 |     test('should display the application title', async ({ page }) => {
        at C:\Users\j\Downloads\autonomous-dev-system\generated-code\task-1781159701864\test.spec.js:10:20

    attachment #1: screenshot (image/png) ──────────────────────────────────────────────────────────
    test-results\task-1781159701864-test-To-b5328-splay-the-application-title-chromium\test-failed-1.png
    ────────────────────────────────────────────────────────────────────────────────────────────────

    Error Context: test-results\task-1781159701864-test-To-b5328-splay-the-application-title-chromium\error-context.md

  2) [chromium] › generated-code\task-1781159701864\test.spec.js:18:5 › Todo Application › should allow adding a new todo item and clear the input 

    Error: page.goto: net::ERR_CONNECTION_REFUSED at http://localhost:3000/
    Call log:
    [2m  - navigating to "http://localhost:3000/", waiting until "load"[22m


       8 |     test.beforeEach(async ({ page }) => {
       9 |         // Navigate to the root URL (which will serve index.html)
    > 10 |         await page.goto('/'); 
         |                    ^
      11 |     });
      12 |
      13 |     test('should display the application title', async ({ page }) => {
        at C:\Users\j\Downloads\autonomous-dev-system\generated-code\task-1781159701864\test.spec.js:10:20

    attachment #1: screenshot (image/png) ──────────────────────────────────────────────────────────
    test-results\task-1781159701864-test-To-d443e-do-item-and-clear-the-input-chromium\test-failed-1.png
    ────────────────────────────────────────────────────────────────────────────────────────────────

    Error Context: test-results\task-1781159701864-test-To-d443e-do-item-and-clear-the-input-chromium\error-context.md

  3) [chromium] › generated-code\task-1781159701864\test.spec.js:32:5 › Todo Application › should allow adding multiple todo items and clear input each time 

    Error: page.goto: net::ERR_CONNECTION_REFUSED at http://localhost:3000/
    Call log:
    [2m  - navigating to "http://localhost:3000/", waiting until "load"[22m


       8 |     test.beforeEach(async ({ page }) => {
       9 |         // Navigate to the root URL (which will serve index.html)
    > 10 |         await page.goto('/'); 
         |                    ^
      11 |     });
      12 |
      13 |     test('should display the application title', async ({ page }) => {
        at C:\Users\j\Downloads\autonomous-dev-system\generated-code\task-1781159701864\test.spec.js:10:20

    attachment #1: screenshot (image/png) ──────────────────────────────────────────────────────────
    test-results\task-1781159701864-test-To-77524-s-and-clear-input-each-time-chromium\test-failed-1.png
    ────────────────────────────────────────────────────────────────────────────────────────────────

    Error Context: test-results\task-1781159701864-test-To-77524-s-and-clear-input-each-time-chromium\error-context.md

  4) [chromium] › generated-code\task-1781159701864\test.spec.js:55:5 › Todo Application › should not add an empty todo item and show an alert 

    Error: page.goto: net::ERR_CONNECTION_REFUSED at http://localhost:3000/
    Call log:
    [2m  - navigating to "http://localhost:3000/", waiting until "load"[22m


       8 |     test.beforeEach(async ({ page }) => {
       9 |         // Navigate to the root URL (which will serve index.html)
    > 10 |         await page.goto('/'); 
         |                    ^
      11 |     });
      12 |
      13 |     test('should display the application title', async ({ page }) => {
        at C:\Users\j\Downloads\autonomous-dev-system\generated-code\task-17811597018
